AppDemo/AndroidDemo_2.0(SDK_15.6.5)/alipay_demo/app/build/intermediates/manifest_merge_blame_file/debug/manifest-merger-blame-debug-report.txt
1<?xml version="1.0" encoding="utf-8"?>
2<manifest xmlns:android="http://schemas.android.com/apk/res/android"
3    package="com.alipay.sdk.pay.demo"
4    android:versionCode="1"
5    android:versionName="1.0" >
6
7    <uses-sdk
8        android:minSdkVersion="19"
8-->src/main/AndroidManifest.xml
9        android:targetSdkVersion="28" />
9-->src/main/AndroidManifest.xml
10
11    <uses-permission android:name="android.permission.INTERNET" />
11-->src/main/AndroidManifest.xml:8:5-67
11-->src/main/AndroidManifest.xml:8:22-64
12    <uses-permission android:name="android.permission.ACCESS_NETWORK_STATE" />
12-->src/main/AndroidManifest.xml:9:5-79
12-->src/main/AndroidManifest.xml:9:22-76
13    <uses-permission android:name="android.permission.ACCESS_WIFI_STATE" />
13-->src/main/AndroidManifest.xml:10:5-76
13-->src/main/AndroidManifest.xml:10:22-73
14
15    <supports-screens
15-->src/main/AndroidManifest.xml:13:5-18:39
16        android:anyDensity="true"
16-->src/main/AndroidManifest.xml:14:9-34
17        android:largeScreens="true"
17-->src/main/AndroidManifest.xml:15:9-36
18        android:normalScreens="true"
18-->src/main/AndroidManifest.xml:16:9-37
19        android:resizeable="true"
19-->src/main/AndroidManifest.xml:17:9-34
20        android:smallScreens="true" />
20-->src/main/AndroidManifest.xml:18:9-36
21
22    <application
22-->src/main/AndroidManifest.xml:20:5-41:19
23        android:allowBackup="true"
23-->src/main/AndroidManifest.xml:21:9-35
24        android:appComponentFactory="android.support.v4.app.CoreComponentFactory"
24-->[com.android.support:support-compat:28.0.0] AndroidManifest.xml:22:18-91
25        android:debuggable="true"
26        android:label="@string/app_name"
26-->src/main/AndroidManifest.xml:23:9-41
27        android:networkSecurityConfig="@xml/network_security_config"
27-->src/main/AndroidManifest.xml:22:9-69
<<<<<<< HEAD
28        android:theme="@style/AppTheme" >
28-->src/main/AndroidManifest.xml:24:9-40
29        <activity
29-->src/main/AndroidManifest.xml:25:9-34:20
30            android:name="com.alipay.sdk.pay.demo.PayDemoActivity"
30-->src/main/AndroidManifest.xml:26:13-67
31            android:icon="@drawable/msp_icon"
31-->src/main/AndroidManifest.xml:27:13-46
32            android:label="@string/app_name" >
32-->src/main/AndroidManifest.xml:28:13-45
33            <intent-filter>
33-->src/main/AndroidManifest.xml:29:13-33:29
34                <action android:name="android.intent.action.MAIN" />
34-->src/main/AndroidManifest.xml:30:17-69
34-->src/main/AndroidManifest.xml:30:25-66
35
36                <category android:name="android.intent.category.LAUNCHER" />
36-->src/main/AndroidManifest.xml:32:17-77
36-->src/main/AndroidManifest.xml:32:27-74
37            </intent-filter>
38        </activity>
39        <activity
39-->src/main/AndroidManifest.xml:35:9-40:20
40            android:name="com.alipay.sdk.pay.demo.H5PayDemoActivity"
40-->src/main/AndroidManifest.xml:36:13-69
41            android:configChanges="orientation|keyboardHidden|navigation"
41-->src/main/AndroidManifest.xml:37:13-74
42            android:exported="false"
42-->src/main/AndroidManifest.xml:38:13-37
43            android:screenOrientation="behind" >
43-->src/main/AndroidManifest.xml:39:13-47
44        </activity>
45
46        <uses-library
46-->[:alipaySdk-15.6.5-20190718211148:] AndroidManifest.xml:23:9-25:40
47            android:name="org.apache.http.legacy"
47-->[:alipaySdk-15.6.5-20190718211148:] AndroidManifest.xml:24:13-50
48            android:required="false" />
48-->[:alipaySdk-15.6.5-20190718211148:] AndroidManifest.xml:25:13-37
49
50        <activity
50-->[:alipaySdk-15.6.5-20190718211148:] AndroidManifest.xml:27:9-32:20
51            android:name="com.alipay.sdk.app.H5PayActivity"
51-->[:alipaySdk-15.6.5-20190718211148:] AndroidManifest.xml:28:13-60
52            android:configChanges="orientation|keyboardHidden|navigation"
52-->[:alipaySdk-15.6.5-20190718211148:] AndroidManifest.xml:29:13-74
53            android:exported="false"
53-->[:alipaySdk-15.6.5-20190718211148:] AndroidManifest.xml:30:13-37
54            android:screenOrientation="behind" >
54-->[:alipaySdk-15.6.5-20190718211148:] AndroidManifest.xml:31:13-47
55        </activity>
56        <activity
56-->[:alipaySdk-15.6.5-20190718211148:] AndroidManifest.xml:33:9-38:20
57            android:name="com.alipay.sdk.app.H5AuthActivity"
57-->[:alipaySdk-15.6.5-20190718211148:] AndroidManifest.xml:34:13-61
58            android:configChanges="orientation|keyboardHidden|navigation"
58-->[:alipaySdk-15.6.5-20190718211148:] AndroidManifest.xml:35:13-74
59            android:exported="false"
59-->[:alipaySdk-15.6.5-20190718211148:] AndroidManifest.xml:36:13-37
60            android:screenOrientation="behind" >
60-->[:alipaySdk-15.6.5-20190718211148:] AndroidManifest.xml:37:13-47
61        </activity>
62        <activity
62-->[:alipaySdk-15.6.5-20190718211148:] AndroidManifest.xml:39:9-48:20
63            android:name="com.alipay.sdk.app.PayResultActivity"
63-->[:alipaySdk-15.6.5-20190718211148:] AndroidManifest.xml:40:13-64
64            android:configChanges="orientation|keyboardHidden|navigation"
64-->[:alipaySdk-15.6.5-20190718211148:] AndroidManifest.xml:41:13-74
65            android:exported="true"
65-->[:alipaySdk-15.6.5-20190718211148:] AndroidManifest.xml:42:13-36
66            android:launchMode="singleInstance"
66-->[:alipaySdk-15.6.5-20190718211148:] AndroidManifest.xml:43:13-48
67            android:theme="@android:style/Theme.Translucent.NoTitleBar" >
67-->[:alipaySdk-15.6.5-20190718211148:] AndroidManifest.xml:44:13-72
68            <intent-filter>
68-->[:alipaySdk-15.6.5-20190718211148:] AndroidManifest.xml:45:13-47:29
69                <category android:name="android.intent.category.DEFAULT" />
69-->[:alipaySdk-15.6.5-20190718211148:] AndroidManifest.xml:46:17-76
69-->[:alipaySdk-15.6.5-20190718211148:] AndroidManifest.xml:46:27-73
70            </intent-filter>
71        </activity>
72        <activity
72-->[:alipaySdk-15.6.5-20190718211148:] AndroidManifest.xml:49:9-54:20
73            android:name="com.alipay.sdk.app.AlipayResultActivity"
73-->[:alipaySdk-15.6.5-20190718211148:] AndroidManifest.xml:50:13-67
74            android:exported="true"
74-->[:alipaySdk-15.6.5-20190718211148:] AndroidManifest.xml:51:13-36
75            android:launchMode="singleTask"
75-->[:alipaySdk-15.6.5-20190718211148:] AndroidManifest.xml:52:13-44
76            android:theme="@android:style/Theme.Translucent.NoTitleBar" >
76-->[:alipaySdk-15.6.5-20190718211148:] AndroidManifest.xml:53:13-72
77        </activity>
78    </application>
79
80</manifest>
=======
28        android:testOnly="true"
29        android:theme="@style/AppTheme" >
29-->src/main/AndroidManifest.xml:24:9-40
30        <activity
30-->src/main/AndroidManifest.xml:25:9-34:20
31            android:name="com.alipay.sdk.pay.demo.PayDemoActivity"
31-->src/main/AndroidManifest.xml:26:13-67
32            android:icon="@drawable/msp_icon"
32-->src/main/AndroidManifest.xml:27:13-46
33            android:label="@string/app_name" >
33-->src/main/AndroidManifest.xml:28:13-45
34            <intent-filter>
34-->src/main/AndroidManifest.xml:29:13-33:29
35                <action android:name="android.intent.action.MAIN" />
35-->src/main/AndroidManifest.xml:30:17-69
35-->src/main/AndroidManifest.xml:30:25-66
36
37                <category android:name="android.intent.category.LAUNCHER" />
37-->src/main/AndroidManifest.xml:32:17-77
37-->src/main/AndroidManifest.xml:32:27-74
38            </intent-filter>
39        </activity>
40        <activity
40-->src/main/AndroidManifest.xml:35:9-40:20
41            android:name="com.alipay.sdk.pay.demo.H5PayDemoActivity"
41-->src/main/AndroidManifest.xml:36:13-69
42            android:configChanges="orientation|keyboardHidden|navigation"
42-->src/main/AndroidManifest.xml:37:13-74
43            android:exported="false"
43-->src/main/AndroidManifest.xml:38:13-37
44            android:screenOrientation="behind" >
44-->src/main/AndroidManifest.xml:39:13-47
45        </activity>
46
47        <uses-library
47-->[:alipaySdk-15.6.5-20190718211148:] AndroidManifest.xml:23:9-25:40
48            android:name="org.apache.http.legacy"
48-->[:alipaySdk-15.6.5-20190718211148:] AndroidManifest.xml:24:13-50
49            android:required="false" />
49-->[:alipaySdk-15.6.5-20190718211148:] AndroidManifest.xml:25:13-37
50
51        <activity
51-->[:alipaySdk-15.6.5-20190718211148:] AndroidManifest.xml:27:9-32:20
52            android:name="com.alipay.sdk.app.H5PayActivity"
52-->[:alipaySdk-15.6.5-20190718211148:] AndroidManifest.xml:28:13-60
53            android:configChanges="orientation|keyboardHidden|navigation"
53-->[:alipaySdk-15.6.5-20190718211148:] AndroidManifest.xml:29:13-74
54            android:exported="false"
54-->[:alipaySdk-15.6.5-20190718211148:] AndroidManifest.xml:30:13-37
55            android:screenOrientation="behind" >
55-->[:alipaySdk-15.6.5-20190718211148:] AndroidManifest.xml:31:13-47
56        </activity>
57        <activity
57-->[:alipaySdk-15.6.5-20190718211148:] AndroidManifest.xml:33:9-38:20
58            android:name="com.alipay.sdk.app.H5AuthActivity"
58-->[:alipaySdk-15.6.5-20190718211148:] AndroidManifest.xml:34:13-61
59            android:configChanges="orientation|keyboardHidden|navigation"
59-->[:alipaySdk-15.6.5-20190718211148:] AndroidManifest.xml:35:13-74
60            android:exported="false"
60-->[:alipaySdk-15.6.5-20190718211148:] AndroidManifest.xml:36:13-37
61            android:screenOrientation="behind" >
61-->[:alipaySdk-15.6.5-20190718211148:] AndroidManifest.xml:37:13-47
62        </activity>
63        <activity
63-->[:alipaySdk-15.6.5-20190718211148:] AndroidManifest.xml:39:9-48:20
64            android:name="com.alipay.sdk.app.PayResultActivity"
64-->[:alipaySdk-15.6.5-20190718211148:] AndroidManifest.xml:40:13-64
65            android:configChanges="orientation|keyboardHidden|navigation"
65-->[:alipaySdk-15.6.5-20190718211148:] AndroidManifest.xml:41:13-74
66            android:exported="true"
66-->[:alipaySdk-15.6.5-20190718211148:] AndroidManifest.xml:42:13-36
67            android:launchMode="singleInstance"
67-->[:alipaySdk-15.6.5-20190718211148:] AndroidManifest.xml:43:13-48
68            android:theme="@android:style/Theme.Translucent.NoTitleBar" >
68-->[:alipaySdk-15.6.5-20190718211148:] AndroidManifest.xml:44:13-72
69            <intent-filter>
69-->[:alipaySdk-15.6.5-20190718211148:] AndroidManifest.xml:45:13-47:29
70                <category android:name="android.intent.category.DEFAULT" />
70-->[:alipaySdk-15.6.5-20190718211148:] AndroidManifest.xml:46:17-76
70-->[:alipaySdk-15.6.5-20190718211148:] AndroidManifest.xml:46:27-73
71            </intent-filter>
72        </activity>
73        <activity
73-->[:alipaySdk-15.6.5-20190718211148:] AndroidManifest.xml:49:9-54:20
74            android:name="com.alipay.sdk.app.AlipayResultActivity"
74-->[:alipaySdk-15.6.5-20190718211148:] AndroidManifest.xml:50:13-67
75            android:exported="true"
75-->[:alipaySdk-15.6.5-20190718211148:] AndroidManifest.xml:51:13-36
76            android:launchMode="singleTask"
76-->[:alipaySdk-15.6.5-20190718211148:] AndroidManifest.xml:52:13-44
77            android:theme="@android:style/Theme.Translucent.NoTitleBar" >
77-->[:alipaySdk-15.6.5-20190718211148:] AndroidManifest.xml:53:13-72
78        </activity>
79    </application>
80
81</manifest>
>>>>>>> 9e01dcb3e42f8809688a5de01402e85d3aaba2b9